DEBUG main husacct.Main - Starting HUSACCT
DEBUG AWT-EventQueue-0 husacct.control.task.WorkspaceController - <?xml version="1.0" encoding="UTF-8"?>
<husacct version="1"><control><MyControlData>testdata</MyControlData></control><define /><analyse /><graphics /><validate /></husacct>

DEBUG AWT-EventQueue-0 husacct.control.task.MainController - Close HUSACCT
DEBUG main husacct.Main - Starting HUSACCT
DEBUG main husacct.Main - Starting HUSACCT
DEBUG AWT-EventQueue-0 husacct.control.task.MainController - Close HUSACCT
DEBUG main husacct.Main - Starting HUSACCT
DEBUG AWT-EventQueue-0 husacct.control.task.MainController - Close HUSACCT
DEBUG main husacct.Main - Starting HUSACCT
DEBUG AWT-EventQueue-0 husacct.control.task.MainController - Close HUSACCT
DEBUG main husacct.Main - Starting HUSACCT
DEBUG AWT-EventQueue-0 husacct.control.task.MainController - Close HUSACCT
DEBUG main husacct.Main - Starting HUSACCT
DEBUG AWT-EventQueue-0 husacct.control.task.MainController - Close HUSACCT
DEBUG main husacct.Main - Starting HUSACCT
DEBUG main husacct.control.task.MainController - Arguments:[Ljava.lang.String;@b61d36b
DEBUG main husacct.validate.domain.factory.ruletype.RuleTypesFactory - Warning no language specified in define component
DEBUG main husacct.validate.domain.factory.ruletype.RuleTypesFactory - Warning no language specified in define component
DEBUG main husacct.validate.domain.factory.ruletype.RuleTypesFactory - Warning no language specified in define component
DEBUG main husacct.validate.domain.factory.ruletype.RuleTypesFactory - Warning no language specified in define component
INFO AWT-EventQueue-0 husacct.define.task.DefinitionController - getting Module Tree Components
INFO AWT-EventQueue-0 husacct.define.presentation.utils.JPanelStatus - start() - Message: Updating Modules
INFO AWT-EventQueue-0 husacct.define.presentation.utils.JPanelStatus - stop() - Message: Idle
INFO AWT-EventQueue-0 husacct.define.task.DefinitionController - getting Module Tree Components
INFO AWT-EventQueue-0 husacct.define.presentation.utils.JPanelStatus - start() - Message: Updating Modules
INFO AWT-EventQueue-0 husacct.define.presentation.utils.JPanelStatus - stop() - Message: Idle
INFO AWT-EventQueue-0 husacct.define.task.DefinitionController - getting Module Tree Components
INFO AWT-EventQueue-0 husacct.define.presentation.utils.JPanelStatus - start() - Message: Updating Modules
INFO AWT-EventQueue-0 husacct.define.presentation.utils.JPanelStatus - stop() - Message: Idle
INFO AWT-EventQueue-0 husacct.define.task.DefinitionController - getting Module Tree Components
INFO AWT-EventQueue-0 husacct.define.presentation.utils.JPanelStatus - start() - Message: Updating Modules
INFO AWT-EventQueue-0 husacct.define.presentation.utils.JPanelStatus - stop() - Message: Idle
INFO AWT-EventQueue-0 husacct.define.task.DefinitionController - New Selected Module: -1
INFO AWT-EventQueue-0 husacct.define.presentation.utils.JPanelStatus - start() - Message: Updating software unit table
INFO AWT-EventQueue-0 husacct.define.presentation.utils.JPanelStatus - stop() - Message: Idle
INFO AWT-EventQueue-0 husacct.define.presentation.utils.JPanelStatus - start() - Message: Updating rules applied table
INFO AWT-EventQueue-0 husacct.define.presentation.utils.JPanelStatus - stop() - Message: Idle
INFO AWT-EventQueue-0 husacct.define.task.DefinitionController - getting Module Tree Components
INFO AWT-EventQueue-0 husacct.define.presentation.utils.JPanelStatus - start() - Message: Updating Modules
INFO AWT-EventQueue-0 husacct.define.presentation.utils.JPanelStatus - stop() - Message: Idle
INFO AWT-EventQueue-0 husacct.define.task.DefinitionController - Adding module module1
INFO AWT-EventQueue-0 husacct.define.presentation.utils.JPanelStatus - start() - Message: Adding module
INFO AWT-EventQueue-0 husacct.define.presentation.utils.JPanelStatus - start() - Message: Updating software unit table
INFO AWT-EventQueue-0 husacct.define.presentation.utils.JPanelStatus - stop() - Message: Idle
INFO AWT-EventQueue-0 husacct.define.presentation.utils.JPanelStatus - start() - Message: Adding module
INFO AWT-EventQueue-0 husacct.define.presentation.utils.JPanelStatus - start() - Message: Updating rules applied table
INFO AWT-EventQueue-0 husacct.define.presentation.utils.JPanelStatus - stop() - Message: Idle
INFO AWT-EventQueue-0 husacct.define.presentation.utils.JPanelStatus - start() - Message: Adding module
INFO AWT-EventQueue-0 husacct.define.presentation.utils.JPanelStatus - stop() - Message: Idle
INFO AWT-EventQueue-0 husacct.define.task.DefinitionController - getting Module Tree Components
INFO AWT-EventQueue-0 husacct.define.presentation.utils.JPanelStatus - start() - Message: Updating Modules
INFO AWT-EventQueue-0 husacct.define.presentation.utils.JPanelStatus - stop() - Message: Idle
INFO AWT-EventQueue-0 husacct.define.task.DefinitionController - getting Module Tree Components
INFO AWT-EventQueue-0 husacct.define.presentation.utils.JPanelStatus - start() - Message: Updating Modules
INFO AWT-EventQueue-0 husacct.define.presentation.utils.JPanelStatus - stop() - Message: Idle
INFO AWT-EventQueue-0 husacct.define.task.DefinitionController - Adding component module2
INFO AWT-EventQueue-0 husacct.define.presentation.utils.JPanelStatus - start() - Message: Adding component
INFO AWT-EventQueue-0 husacct.define.presentation.utils.JPanelStatus - start() - Message: Updating software unit table
INFO AWT-EventQueue-0 husacct.define.presentation.utils.JPanelStatus - stop() - Message: Idle
INFO AWT-EventQueue-0 husacct.define.presentation.utils.JPanelStatus - start() - Message: Adding component
INFO AWT-EventQueue-0 husacct.define.presentation.utils.JPanelStatus - start() - Message: Updating rules applied table
INFO AWT-EventQueue-0 husacct.define.presentation.utils.JPanelStatus - stop() - Message: Idle
INFO AWT-EventQueue-0 husacct.define.presentation.utils.JPanelStatus - start() - Message: Adding component
INFO AWT-EventQueue-0 husacct.define.presentation.utils.JPanelStatus - stop() - Message: Idle
INFO AWT-EventQueue-0 husacct.define.task.DefinitionController - getting Module Tree Components
INFO AWT-EventQueue-0 husacct.define.presentation.utils.JPanelStatus - start() - Message: Updating Modules
INFO AWT-EventQueue-0 husacct.define.presentation.utils.JPanelStatus - stop() - Message: Idle
INFO AWT-EventQueue-0 husacct.define.task.DefinitionController - New Selected Module: 0
INFO AWT-EventQueue-0 husacct.define.task.DefinitionController - loading Module Detail 0
INFO AWT-EventQueue-0 husacct.define.presentation.utils.JPanelStatus - start() - Message: Updating software unit table
INFO AWT-EventQueue-0 husacct.define.presentation.utils.JPanelStatus - stop() - Message: Idle
INFO AWT-EventQueue-0 husacct.define.presentation.utils.JPanelStatus - start() - Message: Updating rules applied table
INFO AWT-EventQueue-0 husacct.define.presentation.utils.JPanelStatus - stop() - Message: Idle
INFO AWT-EventQueue-0 husacct.define.task.SoftwareUnitController - getting Sofware Unit Tree Components
INFO AWT-EventQueue-0 husacct.define.task.SoftwareUnitController - Adding software unit to module with id 0
ERROR AWT-EventQueue-0 husacct.define.task.SoftwareUnitController - No enum const class husacct.define.domain.SoftwareUnitDefinition$Type.ROOT
INFO AWT-EventQueue-0 husacct.define.presentation.utils.UiDialogs - errorDialog(null,No enum const class husacct.define.domain.SoftwareUnitDefinition$Type.ROOT,Error)
INFO AWT-EventQueue-0 husacct.define.task.DefinitionController - New Selected Module: 2
INFO AWT-EventQueue-0 husacct.define.task.DefinitionController - loading Module Detail 2
INFO AWT-EventQueue-0 husacct.define.presentation.utils.JPanelStatus - start() - Message: Updating software unit table
INFO AWT-EventQueue-0 husacct.define.presentation.utils.JPanelStatus - stop() - Message: Idle
INFO AWT-EventQueue-0 husacct.define.presentation.utils.JPanelStatus - start() - Message: Updating rules applied table
INFO AWT-EventQueue-0 husacct.define.presentation.utils.JPanelStatus - stop() - Message: Idle
INFO AWT-EventQueue-0 husacct.define.task.SoftwareUnitController - getting Sofware Unit Tree Components
INFO AWT-EventQueue-0 husacct.define.task.SoftwareUnitController - Adding software unit to module with id 2
ERROR AWT-EventQueue-0 husacct.define.task.SoftwareUnitController - No enum const class husacct.define.domain.SoftwareUnitDefinition$Type.ROOT
INFO AWT-EventQueue-0 husacct.define.presentation.utils.UiDialogs - errorDialog(null,No enum const class husacct.define.domain.SoftwareUnitDefinition$Type.ROOT,Error)
INFO AWT-EventQueue-0 husacct.define.task.SoftwareUnitController - getting Sofware Unit Tree Components
INFO AWT-EventQueue-0 husacct.define.task.SoftwareUnitController - Adding software unit to module with id 2
INFO AWT-EventQueue-0 husacct.define.task.DefinitionController - loading Module Detail 2
INFO AWT-EventQueue-0 husacct.define.presentation.utils.JPanelStatus - start() - Message: Updating software unit table
INFO AWT-EventQueue-0 husacct.define.presentation.utils.JPanelStatus - stop() - Message: Idle
INFO AWT-EventQueue-0 husacct.define.presentation.utils.JPanelStatus - start() - Message: Updating rules applied table
INFO AWT-EventQueue-0 husacct.define.presentation.utils.JPanelStatus - stop() - Message: Idle
INFO AWT-EventQueue-0 husacct.define.task.DefinitionController - loading Module Detail 2
INFO AWT-EventQueue-0 husacct.define.presentation.utils.JPanelStatus - start() - Message: Updating software unit table
INFO AWT-EventQueue-0 husacct.define.presentation.utils.JPanelStatus - stop() - Message: Idle
INFO AWT-EventQueue-0 husacct.define.presentation.utils.JPanelStatus - start() - Message: Updating rules applied table
INFO AWT-EventQueue-0 husacct.define.presentation.utils.JPanelStatus - stop() - Message: Idle
INFO AWT-EventQueue-0 husacct.define.task.DefinitionController - New Selected Module: 0
INFO AWT-EventQueue-0 husacct.define.task.DefinitionController - loading Module Detail 0
INFO AWT-EventQueue-0 husacct.define.presentation.utils.JPanelStatus - start() - Message: Updating software unit table
INFO AWT-EventQueue-0 husacct.define.presentation.utils.JPanelStatus - stop() - Message: Idle
INFO AWT-EventQueue-0 husacct.define.presentation.utils.JPanelStatus - start() - Message: Updating rules applied table
INFO AWT-EventQueue-0 husacct.define.presentation.utils.JPanelStatus - stop() - Message: Idle
INFO AWT-EventQueue-0 husacct.define.task.SoftwareUnitController - getting Sofware Unit Tree Components
INFO AWT-EventQueue-0 husacct.define.task.SoftwareUnitController - Adding software unit to module with id 0
INFO AWT-EventQueue-0 husacct.define.task.DefinitionController - loading Module Detail 0
INFO AWT-EventQueue-0 husacct.define.presentation.utils.JPanelStatus - start() - Message: Updating software unit table
INFO AWT-EventQueue-0 husacct.define.presentation.utils.JPanelStatus - stop() - Message: Idle
INFO AWT-EventQueue-0 husacct.define.presentation.utils.JPanelStatus - start() - Message: Updating rules applied table
INFO AWT-EventQueue-0 husacct.define.presentation.utils.JPanelStatus - stop() - Message: Idle
DEBUG AWT-EventQueue-0 husacct.control.task.MainController - Close HUSACCT
DEBUG main husacct.Main - Starting HUSACCT
DEBUG main husacct.control.task.MainController - Arguments:[Ljava.lang.String;@b61d36b
DEBUG main husacct.validate.domain.factory.ruletype.RuleTypesFactory - Warning no language specified in define component
DEBUG main husacct.validate.domain.factory.ruletype.RuleTypesFactory - Warning no language specified in define component
DEBUG main husacct.validate.domain.factory.ruletype.RuleTypesFactory - Warning no language specified in define component
DEBUG main husacct.validate.domain.factory.ruletype.RuleTypesFactory - Warning no language specified in define component
INFO AWT-EventQueue-0 husacct.define.task.DefinitionController - getting Module Tree Components
INFO AWT-EventQueue-0 husacct.define.presentation.utils.JPanelStatus - start() - Message: Updating Modules
INFO AWT-EventQueue-0 husacct.define.presentation.utils.JPanelStatus - stop() - Message: Idle
INFO AWT-EventQueue-0 husacct.define.task.DefinitionController - getting Module Tree Components
INFO AWT-EventQueue-0 husacct.define.presentation.utils.JPanelStatus - start() - Message: Updating Modules
INFO AWT-EventQueue-0 husacct.define.presentation.utils.JPanelStatus - stop() - Message: Idle
INFO AWT-EventQueue-0 husacct.define.task.DefinitionController - getting Module Tree Components
INFO AWT-EventQueue-0 husacct.define.presentation.utils.JPanelStatus - start() - Message: Updating Modules
INFO AWT-EventQueue-0 husacct.define.presentation.utils.JPanelStatus - stop() - Message: Idle
INFO AWT-EventQueue-0 husacct.define.task.DefinitionController - getting Module Tree Components
INFO AWT-EventQueue-0 husacct.define.presentation.utils.JPanelStatus - start() - Message: Updating Modules
INFO AWT-EventQueue-0 husacct.define.presentation.utils.JPanelStatus - stop() - Message: Idle
INFO AWT-EventQueue-0 husacct.define.task.DefinitionController - getting Module Tree Components
INFO AWT-EventQueue-0 husacct.define.presentation.utils.JPanelStatus - start() - Message: Updating Modules
INFO AWT-EventQueue-0 husacct.define.presentation.utils.JPanelStatus - stop() - Message: Idle
INFO AWT-EventQueue-0 husacct.define.task.DefinitionController - Adding layer define
INFO AWT-EventQueue-0 husacct.define.presentation.utils.JPanelStatus - start() - Message: Adding Layer
INFO AWT-EventQueue-0 husacct.define.presentation.utils.JPanelStatus - start() - Message: Updating software unit table
INFO AWT-EventQueue-0 husacct.define.presentation.utils.JPanelStatus - stop() - Message: Idle
INFO AWT-EventQueue-0 husacct.define.presentation.utils.JPanelStatus - start() - Message: Adding Layer
INFO AWT-EventQueue-0 husacct.define.presentation.utils.JPanelStatus - start() - Message: Updating rules applied table
INFO AWT-EventQueue-0 husacct.define.presentation.utils.JPanelStatus - stop() - Message: Idle
INFO AWT-EventQueue-0 husacct.define.presentation.utils.JPanelStatus - start() - Message: Adding Layer
INFO AWT-EventQueue-0 husacct.define.presentation.utils.JPanelStatus - stop() - Message: Idle
INFO AWT-EventQueue-0 husacct.define.task.DefinitionController - getting Module Tree Components
INFO AWT-EventQueue-0 husacct.define.presentation.utils.JPanelStatus - start() - Message: Updating Modules
INFO AWT-EventQueue-0 husacct.define.presentation.utils.JPanelStatus - stop() - Message: Idle
INFO AWT-EventQueue-0 husacct.define.task.DefinitionController - getting Module Tree Components
INFO AWT-EventQueue-0 husacct.define.presentation.utils.JPanelStatus - start() - Message: Updating Modules
INFO AWT-EventQueue-0 husacct.define.presentation.utils.JPanelStatus - stop() - Message: Idle
INFO AWT-EventQueue-0 husacct.define.task.DefinitionController - Adding layer layer2
INFO AWT-EventQueue-0 husacct.define.presentation.utils.JPanelStatus - start() - Message: Adding Layer
INFO AWT-EventQueue-0 husacct.define.presentation.utils.JPanelStatus - start() - Message: Updating software unit table
INFO AWT-EventQueue-0 husacct.define.presentation.utils.JPanelStatus - stop() - Message: Idle
INFO AWT-EventQueue-0 husacct.define.presentation.utils.JPanelStatus - start() - Message: Adding Layer
INFO AWT-EventQueue-0 husacct.define.presentation.utils.JPanelStatus - start() - Message: Updating rules applied table
INFO AWT-EventQueue-0 husacct.define.presentation.utils.JPanelStatus - stop() - Message: Idle
INFO AWT-EventQueue-0 husacct.define.presentation.utils.JPanelStatus - start() - Message: Adding Layer
INFO AWT-EventQueue-0 husacct.define.presentation.utils.JPanelStatus - stop() - Message: Idle
INFO AWT-EventQueue-0 husacct.define.task.DefinitionController - getting Module Tree Components
INFO AWT-EventQueue-0 husacct.define.presentation.utils.JPanelStatus - start() - Message: Updating Modules
INFO AWT-EventQueue-0 husacct.define.presentation.utils.JPanelStatus - stop() - Message: Idle
INFO AWT-EventQueue-0 husacct.define.task.DefinitionController - New Selected Module: 0
INFO AWT-EventQueue-0 husacct.define.task.DefinitionController - loading Module Detail 0
INFO AWT-EventQueue-0 husacct.define.presentation.utils.JPanelStatus - start() - Message: Updating software unit table
INFO AWT-EventQueue-0 husacct.define.presentation.utils.JPanelStatus - stop() - Message: Idle
INFO AWT-EventQueue-0 husacct.define.presentation.utils.JPanelStatus - start() - Message: Updating rules applied table
INFO AWT-EventQueue-0 husacct.define.presentation.utils.JPanelStatus - stop() - Message: Idle
INFO AWT-EventQueue-0 husacct.define.presentation.utils.UiDialogs - confirmDialog(husacct.define.presentation.jpanel.ModuleJPanel[,0,0,300x757,layout=java.awt.BorderLayout,alignmentX=0.0,alignmentY=0.0,border=javax.swing.border.EmptyBorder@36d83365,flags=9,maximumSize=,minimumSize=,preferredSize=],Are you sure you want to remove the selected module?,Remove?)
INFO AWT-EventQueue-0 husacct.define.task.DefinitionController - New Selected Module: 0
INFO AWT-EventQueue-0 husacct.define.task.DefinitionController - loading Module Detail 0
INFO AWT-EventQueue-0 husacct.define.presentation.utils.JPanelStatus - start() - Message: Updating software unit table
INFO AWT-EventQueue-0 husacct.define.presentation.utils.JPanelStatus - stop() - Message: Idle
INFO AWT-EventQueue-0 husacct.define.presentation.utils.JPanelStatus - start() - Message: Updating rules applied table
INFO AWT-EventQueue-0 husacct.define.presentation.utils.JPanelStatus - stop() - Message: Idle
INFO AWT-EventQueue-0 husacct.define.task.DefinitionController - Removing module by Id 0
INFO AWT-EventQueue-0 husacct.define.presentation.utils.JPanelStatus - start() - Message: Removing Module
INFO AWT-EventQueue-0 husacct.define.task.DefinitionController - New Selected Module: -1
INFO AWT-EventQueue-0 husacct.define.presentation.utils.JPanelStatus - start() - Message: Updating software unit table
INFO AWT-EventQueue-0 husacct.define.presentation.utils.JPanelStatus - stop() - Message: Idle
INFO AWT-EventQueue-0 husacct.define.presentation.utils.JPanelStatus - start() - Message: Removing Module
INFO AWT-EventQueue-0 husacct.define.presentation.utils.JPanelStatus - start() - Message: Updating rules applied table
INFO AWT-EventQueue-0 husacct.define.presentation.utils.JPanelStatus - stop() - Message: Idle
INFO AWT-EventQueue-0 husacct.define.presentation.utils.JPanelStatus - start() - Message: Removing Module
INFO AWT-EventQueue-0 husacct.define.presentation.utils.JPanelStatus - start() - Message: Updating software unit table
INFO AWT-EventQueue-0 husacct.define.presentation.utils.JPanelStatus - stop() - Message: Idle
INFO AWT-EventQueue-0 husacct.define.presentation.utils.JPanelStatus - start() - Message: Removing Module
INFO AWT-EventQueue-0 husacct.define.presentation.utils.JPanelStatus - start() - Message: Updating rules applied table
INFO AWT-EventQueue-0 husacct.define.presentation.utils.JPanelStatus - stop() - Message: Idle
INFO AWT-EventQueue-0 husacct.define.presentation.utils.JPanelStatus - start() - Message: Removing Module
INFO AWT-EventQueue-0 husacct.define.presentation.utils.JPanelStatus - stop() - Message: Idle
INFO AWT-EventQueue-0 husacct.define.task.DefinitionController - getting Module Tree Components
INFO AWT-EventQueue-0 husacct.define.presentation.utils.JPanelStatus - start() - Message: Updating Modules
INFO AWT-EventQueue-0 husacct.define.presentation.utils.JPanelStatus - stop() - Message: Idle
INFO AWT-EventQueue-0 husacct.define.task.DefinitionController - getting Module Tree Components
INFO AWT-EventQueue-0 husacct.define.presentation.utils.JPanelStatus - start() - Message: Updating Modules
INFO AWT-EventQueue-0 husacct.define.presentation.utils.JPanelStatus - stop() - Message: Idle
INFO AWT-EventQueue-0 husacct.define.task.DefinitionController - getting Module Tree Components
INFO AWT-EventQueue-0 husacct.define.presentation.utils.JPanelStatus - start() - Message: Updating Modules
INFO AWT-EventQueue-0 husacct.define.presentation.utils.JPanelStatus - stop() - Message: Idle
INFO AWT-EventQueue-0 husacct.define.task.DefinitionController - Adding layer layer1
INFO AWT-EventQueue-0 husacct.define.presentation.utils.JPanelStatus - start() - Message: Adding Layer
INFO AWT-EventQueue-0 husacct.define.presentation.utils.JPanelStatus - start() - Message: Updating software unit table
INFO AWT-EventQueue-0 husacct.define.presentation.utils.JPanelStatus - stop() - Message: Idle
INFO AWT-EventQueue-0 husacct.define.presentation.utils.JPanelStatus - start() - Message: Adding Layer
INFO AWT-EventQueue-0 husacct.define.presentation.utils.JPanelStatus - start() - Message: Updating rules applied table
INFO AWT-EventQueue-0 husacct.define.presentation.utils.JPanelStatus - stop() - Message: Idle
INFO AWT-EventQueue-0 husacct.define.presentation.utils.JPanelStatus - start() - Message: Adding Layer
INFO AWT-EventQueue-0 husacct.define.presentation.utils.JPanelStatus - stop() - Message: Idle
INFO AWT-EventQueue-0 husacct.define.task.DefinitionController - getting Module Tree Components
INFO AWT-EventQueue-0 husacct.define.presentation.utils.JPanelStatus - start() - Message: Updating Modules
INFO AWT-EventQueue-0 husacct.define.presentation.utils.JPanelStatus - stop() - Message: Idle
INFO AWT-EventQueue-0 husacct.define.task.DefinitionController - New Selected Module: 4
INFO AWT-EventQueue-0 husacct.define.task.DefinitionController - loading Module Detail 4
INFO AWT-EventQueue-0 husacct.define.presentation.utils.JPanelStatus - start() - Message: Updating software unit table
INFO AWT-EventQueue-0 husacct.define.presentation.utils.JPanelStatus - stop() - Message: Idle
INFO AWT-EventQueue-0 husacct.define.presentation.utils.JPanelStatus - start() - Message: Updating rules applied table
INFO AWT-EventQueue-0 husacct.define.presentation.utils.JPanelStatus - stop() - Message: Idle
INFO AWT-EventQueue-0 husacct.define.task.SoftwareUnitController - getting Sofware Unit Tree Components
INFO AWT-EventQueue-0 husacct.define.task.SoftwareUnitController - Adding software unit to module with id 4
ERROR AWT-EventQueue-0 husacct.define.task.SoftwareUnitController - No enum const class husacct.define.domain.SoftwareUnitDefinition$Type.ROOT
INFO AWT-EventQueue-0 husacct.define.presentation.utils.UiDialogs - errorDialog(null,No enum const class husacct.define.domain.SoftwareUnitDefinition$Type.ROOT,Error)
INFO AWT-EventQueue-0 husacct.define.task.SoftwareUnitController - getting Sofware Unit Tree Components
INFO AWT-EventQueue-0 husacct.define.task.SoftwareUnitController - Adding software unit to module with id 4
ERROR AWT-EventQueue-0 husacct.define.task.SoftwareUnitController - No enum const class husacct.define.domain.SoftwareUnitDefinition$Type.ROOT
INFO AWT-EventQueue-0 husacct.define.presentation.utils.UiDialogs - errorDialog(null,No enum const class husacct.define.domain.SoftwareUnitDefinition$Type.ROOT,Error)
INFO AWT-EventQueue-0 husacct.define.task.SoftwareUnitController - getting Sofware Unit Tree Components
INFO AWT-EventQueue-0 husacct.define.task.SoftwareUnitController - Adding software unit to module with id 4
INFO AWT-EventQueue-0 husacct.define.task.DefinitionController - loading Module Detail 4
INFO AWT-EventQueue-0 husacct.define.presentation.utils.JPanelStatus - start() - Message: Updating software unit table
INFO AWT-EventQueue-0 husacct.define.presentation.utils.JPanelStatus - stop() - Message: Idle
INFO AWT-EventQueue-0 husacct.define.presentation.utils.JPanelStatus - start() - Message: Updating rules applied table
INFO AWT-EventQueue-0 husacct.define.presentation.utils.JPanelStatus - stop() - Message: Idle
INFO AWT-EventQueue-0 husacct.define.task.SoftwareUnitController - getting Sofware Unit Tree Components
INFO AWT-EventQueue-0 husacct.define.task.SoftwareUnitController - Adding software unit to module with id 4
INFO AWT-EventQueue-0 husacct.define.task.DefinitionController - loading Module Detail 4
INFO AWT-EventQueue-0 husacct.define.presentation.utils.JPanelStatus - start() - Message: Updating software unit table
INFO AWT-EventQueue-0 husacct.define.presentation.utils.JPanelStatus - stop() - Message: Idle
INFO AWT-EventQueue-0 husacct.define.presentation.utils.JPanelStatus - start() - Message: Updating rules applied table
INFO AWT-EventQueue-0 husacct.define.presentation.utils.JPanelStatus - stop() - Message: Idle
INFO AWT-EventQueue-0 husacct.define.task.DefinitionController - Removing software unit domain
INFO AWT-EventQueue-0 husacct.define.presentation.utils.UiDialogs - confirmDialog(husacct.define.presentation.jpanel.DefinitionJPanel[,0,0,1430x757,layout=java.awt.BorderLayout,alignmentX=0.0,alignmentY=0.0,border=,flags=9,maximumSize=,minimumSize=,preferredSize=java.awt.Dimension[width=753,height=476]],Are you sure you want to remove software unit: "domain",Remove?)
INFO AWT-EventQueue-0 husacct.define.presentation.utils.JPanelStatus - start() - Message: Removing software unit
INFO AWT-EventQueue-0 husacct.define.task.DefinitionController - loading Module Detail 4
INFO AWT-EventQueue-0 husacct.define.presentation.utils.JPanelStatus - start() - Message: Updating software unit table
INFO AWT-EventQueue-0 husacct.define.presentation.utils.JPanelStatus - stop() - Message: Idle
INFO AWT-EventQueue-0 husacct.define.presentation.utils.JPanelStatus - start() - Message: Removing software unit
INFO AWT-EventQueue-0 husacct.define.presentation.utils.JPanelStatus - start() - Message: Updating rules applied table
INFO AWT-EventQueue-0 husacct.define.presentation.utils.JPanelStatus - stop() - Message: Idle
INFO AWT-EventQueue-0 husacct.define.presentation.utils.JPanelStatus - start() - Message: Removing software unit
INFO AWT-EventQueue-0 husacct.define.presentation.utils.JPanelStatus - stop() - Message: Idle
INFO AWT-EventQueue-0 husacct.define.task.DefinitionController - New Selected Module: 2
INFO AWT-EventQueue-0 husacct.define.task.DefinitionController - loading Module Detail 2
INFO AWT-EventQueue-0 husacct.define.presentation.utils.JPanelStatus - start() - Message: Updating software unit table
INFO AWT-EventQueue-0 husacct.define.presentation.utils.JPanelStatus - stop() - Message: Idle
INFO AWT-EventQueue-0 husacct.define.presentation.utils.JPanelStatus - start() - Message: Updating rules applied table
INFO AWT-EventQueue-0 husacct.define.presentation.utils.JPanelStatus - stop() - Message: Idle
INFO AWT-EventQueue-0 husacct.define.task.SoftwareUnitController - getting Sofware Unit Tree Components
INFO AWT-EventQueue-0 husacct.define.task.SoftwareUnitController - Adding software unit to module with id 2
INFO AWT-EventQueue-0 husacct.define.task.DefinitionController - loading Module Detail 2
INFO AWT-EventQueue-0 husacct.define.presentation.utils.JPanelStatus - start() - Message: Updating software unit table
INFO AWT-EventQueue-0 husacct.define.presentation.utils.JPanelStatus - stop() - Message: Idle
INFO AWT-EventQueue-0 husacct.define.presentation.utils.JPanelStatus - start() - Message: Updating rules applied table
INFO AWT-EventQueue-0 husacct.define.presentation.utils.JPanelStatus - stop() - Message: Idle
INFO AWT-EventQueue-0 husacct.define.task.DefinitionController - getting Module Tree Components
INFO AWT-EventQueue-0 husacct.define.presentation.utils.JPanelStatus - start() - Message: Updating Modules
INFO AWT-EventQueue-0 husacct.define.presentation.utils.JPanelStatus - stop() - Message: Idle
INFO AWT-EventQueue-0 husacct.define.task.DefinitionController - Adding layer layer3
INFO AWT-EventQueue-0 husacct.define.presentation.utils.JPanelStatus - start() - Message: Adding Layer
DEBUG AWT-EventQueue-0 husacct.define.task.DefinitionController - Adding child
INFO AWT-EventQueue-0 husacct.define.task.DefinitionController - loading Module Detail 2
INFO AWT-EventQueue-0 husacct.define.presentation.utils.JPanelStatus - start() - Message: Updating software unit table
INFO AWT-EventQueue-0 husacct.define.presentation.utils.JPanelStatus - stop() - Message: Idle
INFO AWT-EventQueue-0 husacct.define.presentation.utils.JPanelStatus - start() - Message: Adding Layer
INFO AWT-EventQueue-0 husacct.define.presentation.utils.JPanelStatus - start() - Message: Updating rules applied table
INFO AWT-EventQueue-0 husacct.define.presentation.utils.JPanelStatus - stop() - Message: Idle
INFO AWT-EventQueue-0 husacct.define.presentation.utils.JPanelStatus - start() - Message: Adding Layer
INFO AWT-EventQueue-0 husacct.define.presentation.utils.JPanelStatus - stop() - Message: Idle
INFO AWT-EventQueue-0 husacct.define.task.DefinitionController - getting Module Tree Components
INFO AWT-EventQueue-0 husacct.define.presentation.utils.JPanelStatus - start() - Message: Updating Modules
INFO AWT-EventQueue-0 husacct.define.presentation.utils.JPanelStatus - stop() - Message: Idle
INFO AWT-EventQueue-0 husacct.define.task.DefinitionController - New Selected Module: 6
INFO AWT-EventQueue-0 husacct.define.task.DefinitionController - loading Module Detail 6
INFO AWT-EventQueue-0 husacct.define.presentation.utils.JPanelStatus - start() - Message: Updating software unit table
INFO AWT-EventQueue-0 husacct.define.presentation.utils.JPanelStatus - stop() - Message: Idle
INFO AWT-EventQueue-0 husacct.define.presentation.utils.JPanelStatus - start() - Message: Updating rules applied table
INFO AWT-EventQueue-0 husacct.define.presentation.utils.JPanelStatus - stop() - Message: Idle
INFO AWT-EventQueue-0 husacct.define.presentation.utils.UiDialogs - confirmDialog(husacct.define.presentation.jpanel.ModuleJPanel[,0,0,300x757,layout=java.awt.BorderLayout,alignmentX=0.0,alignmentY=0.0,border=javax.swing.border.EmptyBorder@36d83365,flags=9,maximumSize=,minimumSize=,preferredSize=],Are you sure you want to remove the selected module?,Remove?)
INFO AWT-EventQueue-0 husacct.define.task.DefinitionController - New Selected Module: 6
INFO AWT-EventQueue-0 husacct.define.task.DefinitionController - loading Module Detail 6
INFO AWT-EventQueue-0 husacct.define.presentation.utils.JPanelStatus - start() - Message: Updating software unit table
INFO AWT-EventQueue-0 husacct.define.presentation.utils.JPanelStatus - stop() - Message: Idle
INFO AWT-EventQueue-0 husacct.define.presentation.utils.JPanelStatus - start() - Message: Updating rules applied table
INFO AWT-EventQueue-0 husacct.define.presentation.utils.JPanelStatus - stop() - Message: Idle
INFO AWT-EventQueue-0 husacct.define.task.DefinitionController - Removing module by Id 6
INFO AWT-EventQueue-0 husacct.define.presentation.utils.JPanelStatus - start() - Message: Removing Module
INFO AWT-EventQueue-0 husacct.define.task.DefinitionController - New Selected Module: -1
INFO AWT-EventQueue-0 husacct.define.presentation.utils.JPanelStatus - start() - Message: Updating software unit table
INFO AWT-EventQueue-0 husacct.define.presentation.utils.JPanelStatus - stop() - Message: Idle
INFO AWT-EventQueue-0 husacct.define.presentation.utils.JPanelStatus - start() - Message: Removing Module
INFO AWT-EventQueue-0 husacct.define.presentation.utils.JPanelStatus - start() - Message: Updating rules applied table
INFO AWT-EventQueue-0 husacct.define.presentation.utils.JPanelStatus - stop() - Message: Idle
INFO AWT-EventQueue-0 husacct.define.presentation.utils.JPanelStatus - start() - Message: Removing Module
INFO AWT-EventQueue-0 husacct.define.presentation.utils.JPanelStatus - start() - Message: Updating software unit table
INFO AWT-EventQueue-0 husacct.define.presentation.utils.JPanelStatus - stop() - Message: Idle
INFO AWT-EventQueue-0 husacct.define.presentation.utils.JPanelStatus - start() - Message: Removing Module
INFO AWT-EventQueue-0 husacct.define.presentation.utils.JPanelStatus - start() - Message: Updating rules applied table
INFO AWT-EventQueue-0 husacct.define.presentation.utils.JPanelStatus - stop() - Message: Idle
INFO AWT-EventQueue-0 husacct.define.presentation.utils.JPanelStatus - start() - Message: Removing Module
INFO AWT-EventQueue-0 husacct.define.presentation.utils.JPanelStatus - stop() - Message: Idle
INFO AWT-EventQueue-0 husacct.define.task.DefinitionController - getting Module Tree Components
INFO AWT-EventQueue-0 husacct.define.presentation.utils.JPanelStatus - start() - Message: Updating Modules
INFO AWT-EventQueue-0 husacct.define.presentation.utils.JPanelStatus - stop() - Message: Idle
INFO AWT-EventQueue-0 husacct.define.task.DefinitionController - getting Module Tree Components
INFO AWT-EventQueue-0 husacct.define.presentation.utils.JPanelStatus - start() - Message: Updating Modules
INFO AWT-EventQueue-0 husacct.define.presentation.utils.JPanelStatus - stop() - Message: Idle
INFO AWT-EventQueue-0 husacct.define.task.DefinitionController - getting Module Tree Components
INFO AWT-EventQueue-0 husacct.define.presentation.utils.JPanelStatus - start() - Message: Updating Modules
INFO AWT-EventQueue-0 husacct.define.presentation.utils.JPanelStatus - stop() - Message: Idle
INFO AWT-EventQueue-0 husacct.define.task.DefinitionController - Adding layer layer3
INFO AWT-EventQueue-0 husacct.define.presentation.utils.JPanelStatus - start() - Message: Adding Layer
INFO AWT-EventQueue-0 husacct.define.presentation.utils.JPanelStatus - start() - Message: Updating software unit table
INFO AWT-EventQueue-0 husacct.define.presentation.utils.JPanelStatus - stop() - Message: Idle
INFO AWT-EventQueue-0 husacct.define.presentation.utils.JPanelStatus - start() - Message: Adding Layer
INFO AWT-EventQueue-0 husacct.define.presentation.utils.JPanelStatus - start() - Message: Updating rules applied table
INFO AWT-EventQueue-0 husacct.define.presentation.utils.JPanelStatus - stop() - Message: Idle
INFO AWT-EventQueue-0 husacct.define.presentation.utils.JPanelStatus - start() - Message: Adding Layer
INFO AWT-EventQueue-0 husacct.define.presentation.utils.JPanelStatus - stop() - Message: Idle
INFO AWT-EventQueue-0 husacct.define.task.DefinitionController - getting Module Tree Components
INFO AWT-EventQueue-0 husacct.define.presentation.utils.JPanelStatus - start() - Message: Updating Modules
INFO AWT-EventQueue-0 husacct.define.presentation.utils.JPanelStatus - stop() - Message: Idle
INFO AWT-EventQueue-0 husacct.define.task.DefinitionController - getting Module Tree Components
INFO AWT-EventQueue-0 husacct.define.presentation.utils.JPanelStatus - start() - Message: Updating Modules
INFO AWT-EventQueue-0 husacct.define.presentation.utils.JPanelStatus - stop() - Message: Idle
INFO AWT-EventQueue-0 husacct.define.task.DefinitionController - Adding module layer1
INFO AWT-EventQueue-0 husacct.define.presentation.utils.JPanelStatus - start() - Message: Adding module
ERROR AWT-EventQueue-0 husacct.define.task.DefinitionController - addModule(layer1) - exception: There is already a module with this name!
INFO AWT-EventQueue-0 husacct.define.presentation.utils.UiDialogs - errorDialog(husacct.define.presentation.jpanel.DefinitionJPanel[,0,0,1430x757,invalid,layout=java.awt.BorderLayout,alignmentX=0.0,alignmentY=0.0,border=,flags=9,maximumSize=,minimumSize=,preferredSize=java.awt.Dimension[width=753,height=476]],There is already a module with this name!,Error)
INFO AWT-EventQueue-0 husacct.define.presentation.utils.JPanelStatus - stop() - Message: Idle
INFO AWT-EventQueue-0 husacct.define.task.DefinitionController - getting Module Tree Components
INFO AWT-EventQueue-0 husacct.define.presentation.utils.JPanelStatus - start() - Message: Updating Modules
INFO AWT-EventQueue-0 husacct.define.presentation.utils.JPanelStatus - stop() - Message: Idle
INFO AWT-EventQueue-0 husacct.define.task.DefinitionController - getting Module Tree Components
INFO AWT-EventQueue-0 husacct.define.presentation.utils.JPanelStatus - start() - Message: Updating Modules
INFO AWT-EventQueue-0 husacct.define.presentation.utils.JPanelStatus - stop() - Message: Idle
INFO AWT-EventQueue-0 husacct.define.task.DefinitionController - Adding module module1
INFO AWT-EventQueue-0 husacct.define.presentation.utils.JPanelStatus - start() - Message: Adding module
INFO AWT-EventQueue-0 husacct.define.presentation.utils.JPanelStatus - start() - Message: Updating software unit table
INFO AWT-EventQueue-0 husacct.define.presentation.utils.JPanelStatus - stop() - Message: Idle
INFO AWT-EventQueue-0 husacct.define.presentation.utils.JPanelStatus - start() - Message: Adding module
INFO AWT-EventQueue-0 husacct.define.presentation.utils.JPanelStatus - start() - Message: Updating rules applied table
INFO AWT-EventQueue-0 husacct.define.presentation.utils.JPanelStatus - stop() - Message: Idle
INFO AWT-EventQueue-0 husacct.define.presentation.utils.JPanelStatus - start() - Message: Adding module
INFO AWT-EventQueue-0 husacct.define.presentation.utils.JPanelStatus - stop() - Message: Idle
INFO AWT-EventQueue-0 husacct.define.task.DefinitionController - getting Module Tree Components
INFO AWT-EventQueue-0 husacct.define.presentation.utils.JPanelStatus - start() - Message: Updating Modules
INFO AWT-EventQueue-0 husacct.define.presentation.utils.JPanelStatus - stop() - Message: Idle
INFO AWT-EventQueue-0 husacct.define.task.DefinitionController - New Selected Module: 12
INFO AWT-EventQueue-0 husacct.define.task.DefinitionController - loading Module Detail 12
INFO AWT-EventQueue-0 husacct.define.presentation.utils.JPanelStatus - start() - Message: Updating software unit table
INFO AWT-EventQueue-0 husacct.define.presentation.utils.JPanelStatus - stop() - Message: Idle
INFO AWT-EventQueue-0 husacct.define.presentation.utils.JPanelStatus - start() - Message: Updating rules applied table
INFO AWT-EventQueue-0 husacct.define.presentation.utils.JPanelStatus - stop() - Message: Idle
INFO AWT-EventQueue-0 husacct.define.presentation.utils.UiDialogs - confirmDialog(husacct.define.presentation.jpanel.ModuleJPanel[,0,0,300x757,layout=java.awt.BorderLayout,alignmentX=0.0,alignmentY=0.0,border=javax.swing.border.EmptyBorder@36d83365,flags=9,maximumSize=,minimumSize=,preferredSize=],Are you sure you want to remove the selected module?,Remove?)
INFO AWT-EventQueue-0 husacct.define.task.DefinitionController - New Selected Module: 12
INFO AWT-EventQueue-0 husacct.define.task.DefinitionController - loading Module Detail 12
INFO AWT-EventQueue-0 husacct.define.presentation.utils.JPanelStatus - start() - Message: Updating software unit table
INFO AWT-EventQueue-0 husacct.define.presentation.utils.JPanelStatus - stop() - Message: Idle
INFO AWT-EventQueue-0 husacct.define.presentation.utils.JPanelStatus - start() - Message: Updating rules applied table
INFO AWT-EventQueue-0 husacct.define.presentation.utils.JPanelStatus - stop() - Message: Idle
INFO AWT-EventQueue-0 husacct.define.task.DefinitionController - Removing module by Id 12
INFO AWT-EventQueue-0 husacct.define.presentation.utils.JPanelStatus - start() - Message: Removing Module
INFO AWT-EventQueue-0 husacct.define.task.DefinitionController - New Selected Module: -1
INFO AWT-EventQueue-0 husacct.define.presentation.utils.JPanelStatus - start() - Message: Updating software unit table
INFO AWT-EventQueue-0 husacct.define.presentation.utils.JPanelStatus - stop() - Message: Idle
INFO AWT-EventQueue-0 husacct.define.presentation.utils.JPanelStatus - start() - Message: Removing Module
INFO AWT-EventQueue-0 husacct.define.presentation.utils.JPanelStatus - start() - Message: Updating rules applied table
INFO AWT-EventQueue-0 husacct.define.presentation.utils.JPanelStatus - stop() - Message: Idle
INFO AWT-EventQueue-0 husacct.define.presentation.utils.JPanelStatus - start() - Message: Removing Module
INFO AWT-EventQueue-0 husacct.define.presentation.utils.JPanelStatus - start() - Message: Updating software unit table
INFO AWT-EventQueue-0 husacct.define.presentation.utils.JPanelStatus - stop() - Message: Idle
INFO AWT-EventQueue-0 husacct.define.presentation.utils.JPanelStatus - start() - Message: Removing Module
INFO AWT-EventQueue-0 husacct.define.presentation.utils.JPanelStatus - start() - Message: Updating rules applied table
INFO AWT-EventQueue-0 husacct.define.presentation.utils.JPanelStatus - stop() - Message: Idle
INFO AWT-EventQueue-0 husacct.define.presentation.utils.JPanelStatus - start() - Message: Removing Module
INFO AWT-EventQueue-0 husacct.define.presentation.utils.JPanelStatus - stop() - Message: Idle
INFO AWT-EventQueue-0 husacct.define.task.DefinitionController - getting Module Tree Components
INFO AWT-EventQueue-0 husacct.define.presentation.utils.JPanelStatus - start() - Message: Updating Modules
INFO AWT-EventQueue-0 husacct.define.presentation.utils.JPanelStatus - stop() - Message: Idle
INFO AWT-EventQueue-0 husacct.define.task.DefinitionController - getting Module Tree Components
INFO AWT-EventQueue-0 husacct.define.presentation.utils.JPanelStatus - start() - Message: Updating Modules
INFO AWT-EventQueue-0 husacct.define.presentation.utils.JPanelStatus - stop() - Message: Idle
INFO AWT-EventQueue-0 husacct.define.task.DefinitionController - New Selected Module: 4
INFO AWT-EventQueue-0 husacct.define.task.DefinitionController - loading Module Detail 4
INFO AWT-EventQueue-0 husacct.define.presentation.utils.JPanelStatus - start() - Message: Updating software unit table
INFO AWT-EventQueue-0 husacct.define.presentation.utils.JPanelStatus - stop() - Message: Idle
INFO AWT-EventQueue-0 husacct.define.presentation.utils.JPanelStatus - start() - Message: Updating rules applied table
INFO AWT-EventQueue-0 husacct.define.presentation.utils.JPanelStatus - stop() - Message: Idle
INFO AWT-EventQueue-0 husacct.define.task.DefinitionController - getting Module Tree Components
INFO AWT-EventQueue-0 husacct.define.presentation.utils.JPanelStatus - start() - Message: Updating Modules
INFO AWT-EventQueue-0 husacct.define.presentation.utils.JPanelStatus - stop() - Message: Idle
INFO AWT-EventQueue-0 husacct.define.task.DefinitionController - Adding module module
INFO AWT-EventQueue-0 husacct.define.presentation.utils.JPanelStatus - start() - Message: Adding module
DEBUG AWT-EventQueue-0 husacct.define.task.DefinitionController - Adding child
INFO AWT-EventQueue-0 husacct.define.task.DefinitionController - loading Module Detail 4
INFO AWT-EventQueue-0 husacct.define.presentation.utils.JPanelStatus - start() - Message: Updating software unit table
INFO AWT-EventQueue-0 husacct.define.presentation.utils.JPanelStatus - stop() - Message: Idle
INFO AWT-EventQueue-0 husacct.define.presentation.utils.JPanelStatus - start() - Message: Adding module
INFO AWT-EventQueue-0 husacct.define.presentation.utils.JPanelStatus - start() - Message: Updating rules applied table
INFO AWT-EventQueue-0 husacct.define.presentation.utils.JPanelStatus - stop() - Message: Idle
INFO AWT-EventQueue-0 husacct.define.presentation.utils.JPanelStatus - start() - Message: Adding module
INFO AWT-EventQueue-0 husacct.define.presentation.utils.JPanelStatus - stop() - Message: Idle
INFO AWT-EventQueue-0 husacct.define.task.DefinitionController - getting Module Tree Components
INFO AWT-EventQueue-0 husacct.define.presentation.utils.JPanelStatus - start() - Message: Updating Modules
INFO AWT-EventQueue-0 husacct.define.presentation.utils.JPanelStatus - stop() - Message: Idle
INFO AWT-EventQueue-0 husacct.define.task.DefinitionController - New Selected Module: 14
INFO AWT-EventQueue-0 husacct.define.task.DefinitionController - loading Module Detail 14
INFO AWT-EventQueue-0 husacct.define.presentation.utils.JPanelStatus - start() - Message: Updating software unit table
INFO AWT-EventQueue-0 husacct.define.presentation.utils.JPanelStatus - stop() - Message: Idle
INFO AWT-EventQueue-0 husacct.define.presentation.utils.JPanelStatus - start() - Message: Updating rules applied table
INFO AWT-EventQueue-0 husacct.define.presentation.utils.JPanelStatus - stop() - Message: Idle
INFO AWT-EventQueue-0 husacct.define.task.SoftwareUnitController - getting Sofware Unit Tree Components
INFO AWT-EventQueue-0 husacct.define.presentation.utils.UiDialogs - confirmDialog(husacct.define.presentation.jpanel.ModuleJPanel[,0,0,300x757,layout=java.awt.BorderLayout,alignmentX=0.0,alignmentY=0.0,border=javax.swing.border.EmptyBorder@36d83365,flags=9,maximumSize=,minimumSize=,preferredSize=],Are you sure you want to remove the selected module?,Remove?)
INFO AWT-EventQueue-0 husacct.define.task.DefinitionController - New Selected Module: 14
INFO AWT-EventQueue-0 husacct.define.task.DefinitionController - loading Module Detail 14
INFO AWT-EventQueue-0 husacct.define.presentation.utils.JPanelStatus - start() - Message: Updating software unit table
INFO AWT-EventQueue-0 husacct.define.presentation.utils.JPanelStatus - stop() - Message: Idle
INFO AWT-EventQueue-0 husacct.define.presentation.utils.JPanelStatus - start() - Message: Updating rules applied table
INFO AWT-EventQueue-0 husacct.define.presentation.utils.JPanelStatus - stop() - Message: Idle
INFO AWT-EventQueue-0 husacct.define.task.DefinitionController - Removing module by Id 14
INFO AWT-EventQueue-0 husacct.define.presentation.utils.JPanelStatus - start() - Message: Removing Module
INFO AWT-EventQueue-0 husacct.define.task.DefinitionController - New Selected Module: -1
INFO AWT-EventQueue-0 husacct.define.presentation.utils.JPanelStatus - start() - Message: Updating software unit table
INFO AWT-EventQueue-0 husacct.define.presentation.utils.JPanelStatus - stop() - Message: Idle
INFO AWT-EventQueue-0 husacct.define.presentation.utils.JPanelStatus - start() - Message: Removing Module
INFO AWT-EventQueue-0 husacct.define.presentation.utils.JPanelStatus - start() - Message: Updating rules applied table
INFO AWT-EventQueue-0 husacct.define.presentation.utils.JPanelStatus - stop() - Message: Idle
INFO AWT-EventQueue-0 husacct.define.presentation.utils.JPanelStatus - start() - Message: Removing Module
INFO AWT-EventQueue-0 husacct.define.presentation.utils.JPanelStatus - start() - Message: Updating software unit table
INFO AWT-EventQueue-0 husacct.define.presentation.utils.JPanelStatus - stop() - Message: Idle
INFO AWT-EventQueue-0 husacct.define.presentation.utils.JPanelStatus - start() - Message: Removing Module
INFO AWT-EventQueue-0 husacct.define.presentation.utils.JPanelStatus - start() - Message: Updating rules applied table
INFO AWT-EventQueue-0 husacct.define.presentation.utils.JPanelStatus - stop() - Message: Idle
INFO AWT-EventQueue-0 husacct.define.presentation.utils.JPanelStatus - start() - Message: Removing Module
INFO AWT-EventQueue-0 husacct.define.presentation.utils.JPanelStatus - stop() - Message: Idle
INFO AWT-EventQueue-0 husacct.define.task.DefinitionController - getting Module Tree Components
INFO AWT-EventQueue-0 husacct.define.presentation.utils.JPanelStatus - start() - Message: Updating Modules
INFO AWT-EventQueue-0 husacct.define.presentation.utils.JPanelStatus - stop() - Message: Idle
INFO AWT-EventQueue-0 husacct.define.task.DefinitionController - getting Module Tree Components
INFO AWT-EventQueue-0 husacct.define.presentation.utils.JPanelStatus - start() - Message: Updating Modules
INFO AWT-EventQueue-0 husacct.define.presentation.utils.JPanelStatus - stop() - Message: Idle
INFO AWT-EventQueue-0 husacct.define.task.DefinitionController - New Selected Module: 4
INFO AWT-EventQueue-0 husacct.define.task.DefinitionController - loading Module Detail 4
INFO AWT-EventQueue-0 husacct.define.presentation.utils.JPanelStatus - start() - Message: Updating software unit table
INFO AWT-EventQueue-0 husacct.define.presentation.utils.JPanelStatus - stop() - Message: Idle
INFO AWT-EventQueue-0 husacct.define.presentation.utils.JPanelStatus - start() - Message: Updating rules applied table
INFO AWT-EventQueue-0 husacct.define.presentation.utils.JPanelStatus - stop() - Message: Idle
INFO AWT-EventQueue-0 husacct.define.task.DefinitionController - New Selected Module: 2
INFO AWT-EventQueue-0 husacct.define.task.DefinitionController - loading Module Detail 2
INFO AWT-EventQueue-0 husacct.define.presentation.utils.JPanelStatus - start() - Message: Updating software unit table
INFO AWT-EventQueue-0 husacct.define.presentation.utils.JPanelStatus - stop() - Message: Idle
INFO AWT-EventQueue-0 husacct.define.presentation.utils.JPanelStatus - start() - Message: Updating rules applied table
INFO AWT-EventQueue-0 husacct.define.presentation.utils.JPanelStatus - stop() - Message: Idle
INFO AWT-EventQueue-0 husacct.define.task.DefinitionController - New Selected Module: 8
INFO AWT-EventQueue-0 husacct.define.task.DefinitionController - loading Module Detail 8
INFO AWT-EventQueue-0 husacct.define.presentation.utils.JPanelStatus - start() - Message: Updating software unit table
INFO AWT-EventQueue-0 husacct.define.presentation.utils.JPanelStatus - stop() - Message: Idle
INFO AWT-EventQueue-0 husacct.define.presentation.utils.JPanelStatus - start() - Message: Updating rules applied table
INFO AWT-EventQueue-0 husacct.define.presentation.utils.JPanelStatus - stop() - Message: Idle
INFO AWT-EventQueue-0 husacct.define.task.SoftwareUnitController - getting Sofware Unit Tree Components
INFO AWT-EventQueue-0 husacct.define.task.SoftwareUnitController - Adding software unit to module with id 8
INFO AWT-EventQueue-0 husacct.define.task.DefinitionController - loading Module Detail 8
INFO AWT-EventQueue-0 husacct.define.presentation.utils.JPanelStatus - start() - Message: Updating software unit table
INFO AWT-EventQueue-0 husacct.define.presentation.utils.JPanelStatus - stop() - Message: Idle
INFO AWT-EventQueue-0 husacct.define.presentation.utils.JPanelStatus - start() - Message: Updating rules applied table
INFO AWT-EventQueue-0 husacct.define.presentation.utils.JPanelStatus - stop() - Message: Idle
INFO AWT-EventQueue-0 husacct.define.task.DefinitionController - loading Module Detail 8
INFO AWT-EventQueue-0 husacct.define.presentation.utils.JPanelStatus - start() - Message: Updating software unit table
INFO AWT-EventQueue-0 husacct.define.presentation.utils.JPanelStatus - stop() - Message: Idle
INFO AWT-EventQueue-0 husacct.define.presentation.utils.JPanelStatus - start() - Message: Updating rules applied table
INFO AWT-EventQueue-0 husacct.define.presentation.utils.JPanelStatus - stop() - Message: Idle
INFO AWT-EventQueue-0 husacct.define.task.DefinitionController - New Selected Module: 2
INFO AWT-EventQueue-0 husacct.define.task.DefinitionController - loading Module Detail 2
INFO AWT-EventQueue-0 husacct.define.presentation.utils.JPanelStatus - start() - Message: Updating software unit table
INFO AWT-EventQueue-0 husacct.define.presentation.utils.JPanelStatus - stop() - Message: Idle
INFO AWT-EventQueue-0 husacct.define.presentation.utils.JPanelStatus - start() - Message: Updating rules applied table
INFO AWT-EventQueue-0 husacct.define.presentation.utils.JPanelStatus - stop() - Message: Idle
INFO AWT-EventQueue-0 husacct.define.task.DefinitionController - New Selected Module: 8
INFO AWT-EventQueue-0 husacct.define.task.DefinitionController - loading Module Detail 8
INFO AWT-EventQueue-0 husacct.define.presentation.utils.JPanelStatus - start() - Message: Updating software unit table
INFO AWT-EventQueue-0 husacct.define.presentation.utils.JPanelStatus - stop() - Message: Idle
INFO AWT-EventQueue-0 husacct.define.presentation.utils.JPanelStatus - start() - Message: Updating rules applied table
INFO AWT-EventQueue-0 husacct.define.presentation.utils.JPanelStatus - stop() - Message: Idle
INFO AWT-EventQueue-0 husacct.define.task.SoftwareUnitController - getting Sofware Unit Tree Components
INFO AWT-EventQueue-0 husacct.define.task.DefinitionController - loading Module Detail 8
INFO AWT-EventQueue-0 husacct.define.presentation.utils.JPanelStatus - start() - Message: Updating software unit table
INFO AWT-EventQueue-0 husacct.define.presentation.utils.JPanelStatus - stop() - Message: Idle
INFO AWT-EventQueue-0 husacct.define.presentation.utils.JPanelStatus - start() - Message: Updating rules applied table
INFO AWT-EventQueue-0 husacct.define.presentation.utils.JPanelStatus - stop() - Message: Idle
INFO AWT-EventQueue-0 husacct.define.task.DefinitionController - New Selected Module: 2
INFO AWT-EventQueue-0 husacct.define.task.DefinitionController - loading Module Detail 2
INFO AWT-EventQueue-0 husacct.define.presentation.utils.JPanelStatus - start() - Message: Updating software unit table
INFO AWT-EventQueue-0 husacct.define.presentation.utils.JPanelStatus - stop() - Message: Idle
INFO AWT-EventQueue-0 husacct.define.presentation.utils.JPanelStatus - start() - Message: Updating rules applied table
INFO AWT-EventQueue-0 husacct.define.presentation.utils.JPanelStatus - stop() - Message: Idle
INFO AWT-EventQueue-0 husacct.define.task.DefinitionController - loading Module Detail 2
INFO AWT-EventQueue-0 husacct.define.presentation.utils.JPanelStatus - start() - Message: Updating software unit table
INFO AWT-EventQueue-0 husacct.define.presentation.utils.JPanelStatus - stop() - Message: Idle
INFO AWT-EventQueue-0 husacct.define.presentation.utils.JPanelStatus - start() - Message: Updating rules applied table
INFO AWT-EventQueue-0 husacct.define.presentation.utils.JPanelStatus - stop() - Message: Idle
INFO AWT-EventQueue-0 husacct.define.task.DefinitionController - loading Module Detail 2
INFO AWT-EventQueue-0 husacct.define.presentation.utils.JPanelStatus - start() - Message: Updating software unit table
INFO AWT-EventQueue-0 husacct.define.presentation.utils.JPanelStatus - stop() - Message: Idle
INFO AWT-EventQueue-0 husacct.define.presentation.utils.JPanelStatus - start() - Message: Updating rules applied table
INFO AWT-EventQueue-0 husacct.define.presentation.utils.JPanelStatus - stop() - Message: Idle
INFO AWT-EventQueue-0 husacct.define.task.DefinitionController - New Selected Module: 8
INFO AWT-EventQueue-0 husacct.define.task.DefinitionController - loading Module Detail 8
INFO AWT-EventQueue-0 husacct.define.presentation.utils.JPanelStatus - start() - Message: Updating software unit table
INFO AWT-EventQueue-0 husacct.define.presentation.utils.JPanelStatus - stop() - Message: Idle
INFO AWT-EventQueue-0 husacct.define.presentation.utils.JPanelStatus - start() - Message: Updating rules applied table
INFO AWT-EventQueue-0 husacct.define.presentation.utils.JPanelStatus - stop() - Message: Idle
INFO AWT-EventQueue-0 husacct.define.task.DefinitionController - New Selected Module: 2
INFO AWT-EventQueue-0 husacct.define.task.DefinitionController - loading Module Detail 2
INFO AWT-EventQueue-0 husacct.define.presentation.utils.JPanelStatus - start() - Message: Updating software unit table
INFO AWT-EventQueue-0 husacct.define.presentation.utils.JPanelStatus - stop() - Message: Idle
INFO AWT-EventQueue-0 husacct.define.presentation.utils.JPanelStatus - start() - Message: Updating rules applied table
INFO AWT-EventQueue-0 husacct.define.presentation.utils.JPanelStatus - stop() - Message: Idle
INFO AWT-EventQueue-0 husacct.define.task.DefinitionController - New Selected Module: 4
INFO AWT-EventQueue-0 husacct.define.task.DefinitionController - loading Module Detail 4
INFO AWT-EventQueue-0 husacct.define.presentation.utils.JPanelStatus - start() - Message: Updating software unit table
INFO AWT-EventQueue-0 husacct.define.presentation.utils.JPanelStatus - stop() - Message: Idle
INFO AWT-EventQueue-0 husacct.define.presentation.utils.JPanelStatus - start() - Message: Updating rules applied table
INFO AWT-EventQueue-0 husacct.define.presentation.utils.JPanelStatus - stop() - Message: Idle
ERROR AWT-EventQueue-0 husacct.define.presentation.jpanel.RuleDetailsJPanel - 
INFO AWT-EventQueue-0 husacct.define.task.DefinitionController - loading Module Detail 4
INFO AWT-EventQueue-0 husacct.define.presentation.utils.JPanelStatus - start() - Message: Updating software unit table
INFO AWT-EventQueue-0 husacct.define.presentation.utils.JPanelStatus - stop() - Message: Idle
INFO AWT-EventQueue-0 husacct.define.presentation.utils.JPanelStatus - start() - Message: Updating rules applied table
INFO AWT-EventQueue-0 husacct.define.presentation.utils.JPanelStatus - stop() - Message: Idle
INFO AWT-EventQueue-0 husacct.define.task.DefinitionController - loading Module Detail 4
INFO AWT-EventQueue-0 husacct.define.presentation.utils.JPanelStatus - start() - Message: Updating software unit table
INFO AWT-EventQueue-0 husacct.define.presentation.utils.JPanelStatus - stop() - Message: Idle
INFO AWT-EventQueue-0 husacct.define.presentation.utils.JPanelStatus - start() - Message: Updating rules applied table
INFO AWT-EventQueue-0 husacct.define.presentation.utils.JPanelStatus - stop() - Message: Idle
INFO AWT-EventQueue-0 husacct.define.task.DefinitionController - Updating module layer1
INFO AWT-EventQueue-0 husacct.define.presentation.utils.JPanelStatus - start() - Message: Saving layer
INFO AWT-EventQueue-0 husacct.define.task.DefinitionController - loading Module Detail 4
INFO AWT-EventQueue-0 husacct.define.presentation.utils.JPanelStatus - start() - Message: Updating software unit table
INFO AWT-EventQueue-0 husacct.define.presentation.utils.JPanelStatus - stop() - Message: Idle
INFO AWT-EventQueue-0 husacct.define.presentation.utils.JPanelStatus - start() - Message: Saving layer
INFO AWT-EventQueue-0 husacct.define.presentation.utils.JPanelStatus - start() - Message: Updating rules applied table
INFO AWT-EventQueue-0 husacct.define.presentation.utils.JPanelStatus - stop() - Message: Idle
INFO AWT-EventQueue-0 husacct.define.presentation.utils.JPanelStatus - start() - Message: Saving layer
INFO AWT-EventQueue-0 husacct.define.presentation.utils.JPanelStatus - stop() - Message: Idle
INFO AWT-EventQueue-0 husacct.define.task.DefinitionController - Updating module layer1
INFO AWT-EventQueue-0 husacct.define.presentation.utils.JPanelStatus - start() - Message: Saving layer
INFO AWT-EventQueue-0 husacct.define.task.DefinitionController - loading Module Detail 4
INFO AWT-EventQueue-0 husacct.define.presentation.utils.JPanelStatus - start() - Message: Updating software unit table
INFO AWT-EventQueue-0 husacct.define.presentation.utils.JPanelStatus - stop() - Message: Idle
INFO AWT-EventQueue-0 husacct.define.presentation.utils.JPanelStatus - start() - Message: Saving layer
INFO AWT-EventQueue-0 husacct.define.presentation.utils.JPanelStatus - start() - Message: Updating rules applied table
INFO AWT-EventQueue-0 husacct.define.presentation.utils.JPanelStatus - stop() - Message: Idle
INFO AWT-EventQueue-0 husacct.define.presentation.utils.JPanelStatus - start() - Message: Saving layer
INFO AWT-EventQueue-0 husacct.define.presentation.utils.JPanelStatus - stop() - Message: Idle
WARN AWT-EventQueue-0 husacct.validate.abstraction.language.ResourceBundles - Can't find resource for bundle java.util.PropertyResourceBundle, key InterfaceConvention
java.util.MissingResourceException: Can't find resource for bundle java.util.PropertyResourceBundle, key InterfaceConvention
	at java.util.ResourceBundle.getObject(Unknown Source)
	at java.util.ResourceBundle.getString(Unknown Source)
	at husacct.validate.abstraction.language.ResourceBundles.getValue(ResourceBundles.java:20)
	at husacct.validate.presentation.LanguageSeverityConfiguration.loadRuleTypes(LanguageSeverityConfiguration.java:522)
	at husacct.validate.presentation.LanguageSeverityConfiguration.rtsCategoryValueChanged(LanguageSeverityConfiguration.java:475)
	at husacct.validate.presentation.LanguageSeverityConfiguration.access$0(LanguageSeverityConfiguration.java:474)
	at husacct.validate.presentation.LanguageSeverityConfiguration$1.valueChanged(LanguageSeverityConfiguration.java:134)
	at javax.swing.JList.fireSelectionValueChanged(Unknown Source)
	at javax.swing.JList$ListSelectionHandler.valueChanged(Unknown Source)
	at javax.swing.DefaultListSelectionModel.fireValueChanged(Unknown Source)
	at javax.swing.DefaultListSelectionModel.fireValueChanged(Unknown Source)
	at javax.swing.DefaultListSelectionModel.setValueIsAdjusting(Unknown Source)
	at javax.swing.JList.setValueIsAdjusting(Unknown Source)
	at javax.swing.plaf.basic.BasicListUI$Handler.mouseReleased(Unknown Source)
	at java.awt.AWTEventMulticaster.mouseReleased(Unknown Source)
	at java.awt.Component.processMouseEvent(Unknown Source)
	at javax.swing.JComponent.processMouseEvent(Unknown Source)
	at java.awt.Component.processEvent(Unknown Source)
	at java.awt.Container.processEvent(Unknown Source)
	at java.awt.Component.dispatchEventImpl(Unknown Source)
	at java.awt.Container.dispatchEventImpl(Unknown Source)
	at java.awt.Component.dispatchEvent(Unknown Source)
	at java.awt.LightweightDispatcher.retargetMouseEvent(Unknown Source)
	at java.awt.LightweightDispatcher.processMouseEvent(Unknown Source)
	at java.awt.LightweightDispatcher.dispatchEvent(Unknown Source)
	at java.awt.Container.dispatchEventImpl(Unknown Source)
	at java.awt.Window.dispatchEventImpl(Unknown Source)
	at java.awt.Component.dispatchEvent(Unknown Source)
	at java.awt.EventQueue.dispatchEventImpl(Unknown Source)
	at java.awt.EventQueue.access$000(Unknown Source)
	at java.awt.EventQueue$1.run(Unknown Source)
	at java.awt.EventQueue$1.run(Unknown Source)
	at java.security.AccessController.doPrivileged(Native Method)
	at java.security.AccessControlContext$1.doIntersectionPrivilege(Unknown Source)
	at java.security.AccessControlContext$1.doIntersectionPrivilege(Unknown Source)
	at java.awt.EventQueue$2.run(Unknown Source)
	at java.awt.EventQueue$2.run(Unknown Source)
	at java.security.AccessController.doPrivileged(Native Method)
	at java.security.AccessControlContext$1.doIntersectionPrivilege(Unknown Source)
	at java.awt.EventQueue.dispatchEvent(Unknown Source)
	at java.awt.EventDispatchThread.pumpOneEventForFilters(Unknown Source)
	at java.awt.EventDispatchThread.pumpEventsForFilter(Unknown Source)
	at java.awt.EventDispatchThread.pumpEventsForHierarchy(Unknown Source)
	at java.awt.EventDispatchThread.pumpEvents(Unknown Source)
	at java.awt.EventDispatchThread.pumpEvents(Unknown Source)
	at java.awt.EventDispatchThread.run(Unknown Source)
INFO AWT-EventQueue-0 husacct.define.task.DefinitionController - Updating module layer1
INFO AWT-EventQueue-0 husacct.define.presentation.utils.JPanelStatus - start() - Message: Saving layer
INFO AWT-EventQueue-0 husacct.define.task.DefinitionController - loading Module Detail 4
INFO AWT-EventQueue-0 husacct.define.presentation.utils.JPanelStatus - start() - Message: Updating software unit table
INFO AWT-EventQueue-0 husacct.define.presentation.utils.JPanelStatus - stop() - Message: Idle
INFO AWT-EventQueue-0 husacct.define.presentation.utils.JPanelStatus - start() - Message: Saving layer
INFO AWT-EventQueue-0 husacct.define.presentation.utils.JPanelStatus - start() - Message: Updating rules applied table
INFO AWT-EventQueue-0 husacct.define.presentation.utils.JPanelStatus - stop() - Message: Idle
INFO AWT-EventQueue-0 husacct.define.presentation.utils.JPanelStatus - start() - Message: Saving layer
INFO AWT-EventQueue-0 husacct.define.presentation.utils.JPanelStatus - stop() - Message: Idle
INFO AWT-EventQueue-0 husacct.define.task.DefinitionController - Updating module layer1
INFO AWT-EventQueue-0 husacct.define.presentation.utils.JPanelStatus - start() - Message: Saving layer
INFO AWT-EventQueue-0 husacct.define.task.DefinitionController - loading Module Detail 4
INFO AWT-EventQueue-0 husacct.define.presentation.utils.JPanelStatus - start() - Message: Updating software unit table
INFO AWT-EventQueue-0 husacct.define.presentation.utils.JPanelStatus - stop() - Message: Idle
INFO AWT-EventQueue-0 husacct.define.presentation.utils.JPanelStatus - start() - Message: Saving layer
INFO AWT-EventQueue-0 husacct.define.presentation.utils.JPanelStatus - start() - Message: Updating rules applied table
INFO AWT-EventQueue-0 husacct.define.presentation.utils.JPanelStatus - stop() - Message: Idle
INFO AWT-EventQueue-0 husacct.define.presentation.utils.JPanelStatus - start() - Message: Saving layer
INFO AWT-EventQueue-0 husacct.define.presentation.utils.JPanelStatus - stop() - Message: Idle
INFO AWT-EventQueue-0 husacct.define.task.DefinitionController - Updating module layer1
INFO AWT-EventQueue-0 husacct.define.presentation.utils.JPanelStatus - start() - Message: Saving layer
INFO AWT-EventQueue-0 husacct.define.task.DefinitionController - loading Module Detail 4
INFO AWT-EventQueue-0 husacct.define.presentation.utils.JPanelStatus - start() - Message: Updating software unit table
INFO AWT-EventQueue-0 husacct.define.presentation.utils.JPanelStatus - stop() - Message: Idle
INFO AWT-EventQueue-0 husacct.define.presentation.utils.JPanelStatus - start() - Message: Saving layer
INFO AWT-EventQueue-0 husacct.define.presentation.utils.JPanelStatus - start() - Message: Updating rules applied table
INFO AWT-EventQueue-0 husacct.define.presentation.utils.JPanelStatus - stop() - Message: Idle
INFO AWT-EventQueue-0 husacct.define.presentation.utils.JPanelStatus - start() - Message: Saving layer
INFO AWT-EventQueue-0 husacct.define.presentation.utils.JPanelStatus - stop() - Message: Idle
INFO AWT-EventQueue-0 husacct.define.task.DefinitionController - getting Module Tree Components
INFO AWT-EventQueue-0 husacct.define.presentation.utils.JPanelStatus - start() - Message: Updating Modules
INFO AWT-EventQueue-0 husacct.define.presentation.utils.JPanelStatus - stop() - Message: Idle
DEBUG AWT-EventQueue-0 husacct.control.task.MainController - Close HUSACCT
