DEBUG main husacct.Main - Starting HUSACCT
DEBUG main husacct.Main - Setting apple specific properties
DEBUG main husacct.control.task.MainController - Arguments:[Ljava.lang.String;@48a7d968
DEBUG main husacct.validate.domain.factory.ruletype.RuleTypesFactory - Warning no language specified in define component
DEBUG main husacct.validate.domain.factory.ruletype.RuleTypesFactory - Warning no language specified in define component
DEBUG main husacct.validate.domain.factory.ruletype.RuleTypesFactory - Warning no language specified in define component
DEBUG main husacct.validate.domain.factory.ruletype.RuleTypesFactory - Warning no language specified in define component
WARN main husacct.validate.abstraction.language.ValidateTranslator - Can't find resource for bundle java.util.PropertyResourceBundle, key Unidentified
WARN main husacct.validate.abstraction.language.ValidateTranslator - Can't find resource for bundle java.util.PropertyResourceBundle, key Unidentified
WARN main husacct.validate.abstraction.language.ValidateTranslator - Can't find resource for bundle java.util.PropertyResourceBundle, key dependencylimitation
WARN main husacct.validate.abstraction.language.ValidateTranslator - Can't find resource for bundle java.util.PropertyResourceBundle, key dependencylimitation
WARN main husacct.validate.abstraction.language.ValidateTranslator - Can't find resource for bundle java.util.PropertyResourceBundle, key dependencylimitation
WARN main husacct.validate.abstraction.language.ValidateTranslator - Can't find resource for bundle java.util.PropertyResourceBundle, key dependencylimitation
WARN main husacct.validate.abstraction.language.ValidateTranslator - Can't find resource for bundle java.util.PropertyResourceBundle, key Unidentified
WARN main husacct.validate.abstraction.language.ValidateTranslator - Can't find resource for bundle java.util.PropertyResourceBundle, key Unidentified
WARN main husacct.validate.abstraction.language.ValidateTranslator - Can't find resource for bundle java.util.PropertyResourceBundle, key dependencylimitation
WARN main husacct.validate.abstraction.language.ValidateTranslator - Can't find resource for bundle java.util.PropertyResourceBundle, key dependencylimitation
WARN main husacct.validate.abstraction.language.ValidateTranslator - Can't find resource for bundle java.util.PropertyResourceBundle, key dependencylimitation
WARN main husacct.validate.abstraction.language.ValidateTranslator - Can't find resource for bundle java.util.PropertyResourceBundle, key dependencylimitation
DEBUG AWT-EventQueue-0 husacct.control.task.MainController - Close HUSACCT
